<?xml version="1.0" encoding="UTF-8"?>
<testng-results skipped="0" failed="0" ignored="0" total="1" passed="1">
  <reporter-output>
  </reporter-output>
  <suite name="Suite" duration-ms="18564" started-at="2020-06-22T12:37:13Z" finished-at="2020-06-22T12:37:32Z">
    <groups>
    </groups>
    <test name="Test" duration-ms="18564" started-at="2020-06-22T12:37:13Z" finished-at="2020-06-22T12:37:32Z">
      <class name="NGTest.Execute1">
        <test-method status="PASS" signature="beforeSuite()[pri:0, instance:NGTest.Execute1@457e2f02]" name="beforeSuite" is-config="true" duration-ms="15" started-at="2020-06-22T18:07:13Z" finished-at="2020-06-22T18:07:13Z">
          <reporter-output>
          </reporter-output>
        </test-method> <!-- beforeSuite -->
        <test-method status="PASS" signature="beforeTest()[pri:0, instance:NGTest.Execute1@457e2f02]" name="beforeTest" is-config="true" duration-ms="1" started-at="2020-06-22T18:07:13Z" finished-at="2020-06-22T18:07:13Z">
          <reporter-output>
          </reporter-output>
        </test-method> <!-- beforeTest -->
        <test-method status="PASS" signature="beforeClass()[pri:0, instance:NGTest.Execute1@457e2f02]" name="beforeClass" is-config="true" duration-ms="1" started-at="2020-06-22T18:07:13Z" finished-at="2020-06-22T18:07:13Z">
          <reporter-output>
          </reporter-output>
        </test-method> <!-- beforeClass -->
        <test-method status="PASS" signature="fe()[pri:0, instance:NGTest.Execute1@457e2f02]" name="fe" duration-ms="18532" started-at="2020-06-22T18:07:13Z" finished-at="2020-06-22T18:07:32Z">
          <reporter-output>
          </reporter-output>
        </test-method> <!-- fe -->
        <test-method status="PASS" signature="beforeMethod()[pri:0, instance:NGTest.Execute1@457e2f02]" name="beforeMethod" is-config="true" duration-ms="0" started-at="2020-06-22T18:07:13Z" finished-at="2020-06-22T18:07:13Z">
          <reporter-output>
          </reporter-output>
        </test-method> <!-- beforeMethod -->
        <test-method status="PASS" signature="afterMethod()[pri:0, instance:NGTest.Execute1@457e2f02]" name="afterMethod" is-config="true" duration-ms="0" started-at="2020-06-22T18:07:32Z" finished-at="2020-06-22T18:07:32Z">
          <reporter-output>
          </reporter-output>
        </test-method> <!-- afterMethod -->
        <test-method status="PASS" signature="afterClass()[pri:0, instance:NGTest.Execute1@457e2f02]" name="afterClass" is-config="true" duration-ms="0" started-at="2020-06-22T18:07:32Z" finished-at="2020-06-22T18:07:32Z">
          <reporter-output>
          </reporter-output>
        </test-method> <!-- afterClass -->
        <test-method status="PASS" signature="afterTest()[pri:0, instance:NGTest.Execute1@457e2f02]" name="afterTest" is-config="true" duration-ms="1" started-at="2020-06-22T18:07:32Z" finished-at="2020-06-22T18:07:32Z">
          <reporter-output>
          </reporter-output>
        </test-method> <!-- afterTest -->
        <test-method status="PASS" signature="afterSuite()[pri:0, instance:NGTest.Execute1@457e2f02]" name="afterSuite" is-config="true" duration-ms="1" started-at="2020-06-22T18:07:32Z" finished-at="2020-06-22T18:07:32Z">
          <reporter-output>
          </reporter-output>
        </test-method> <!-- afterSuite -->
      </class> <!-- NGTest.Execute1 -->
    </test> <!-- Test -->
  </suite> <!-- Suite -->
</testng-results>
