<?xml version="1.0" encoding="UTF-8"?>
<testng-results skipped="0" failed="0" ignored="0" total="1" passed="1">
  <reporter-output>
  </reporter-output>
  <suite name="Suite" duration-ms="10799" started-at="2020-06-08T16:22:51Z" finished-at="2020-06-08T16:23:02Z">
    <groups>
    </groups>
    <test name="Test" duration-ms="10799" started-at="2020-06-08T16:22:51Z" finished-at="2020-06-08T16:23:02Z">
      <class name="NGTest.Execute1">
        <test-method status="PASS" signature="beforeSuite()[pri:0, instance:NGTest.Execute1@457e2f02]" name="beforeSuite" is-config="true" duration-ms="31" started-at="2020-06-08T21:52:51Z" finished-at="2020-06-08T21:52:51Z">
          <reporter-output>
          </reporter-output>
        </test-method> <!-- beforeSuite -->
        <test-method status="PASS" signature="beforeTest()[pri:0, instance:NGTest.Execute1@457e2f02]" name="beforeTest" is-config="true" duration-ms="16" started-at="2020-06-08T21:52:51Z" finished-at="2020-06-08T21:52:51Z">
          <reporter-output>
          </reporter-output>
        </test-method> <!-- beforeTest -->
        <test-method status="PASS" signature="beforeClass()[pri:0, instance:NGTest.Execute1@457e2f02]" name="beforeClass" is-config="true" duration-ms="1" started-at="2020-06-08T21:52:51Z" finished-at="2020-06-08T21:52:51Z">
          <reporter-output>
          </reporter-output>
        </test-method> <!-- beforeClass -->
        <test-method status="PASS" signature="beforeMethod()[pri:0, instance:NGTest.Execute1@457e2f02]" name="beforeMethod" is-config="true" duration-ms="1" started-at="2020-06-08T21:52:51Z" finished-at="2020-06-08T21:52:51Z">
          <reporter-output>
          </reporter-output>
        </test-method> <!-- beforeMethod -->
        <test-method status="PASS" signature="fe()[pri:0, instance:NGTest.Execute1@457e2f02]" name="fe" duration-ms="10738" started-at="2020-06-08T21:52:51Z" finished-at="2020-06-08T21:53:02Z">
          <reporter-output>
          </reporter-output>
        </test-method> <!-- fe -->
        <test-method status="PASS" signature="afterMethod()[pri:0, instance:NGTest.Execute1@457e2f02]" name="afterMethod" is-config="true" duration-ms="1" started-at="2020-06-08T21:53:02Z" finished-at="2020-06-08T21:53:02Z">
          <reporter-output>
          </reporter-output>
        </test-method> <!-- afterMethod -->
        <test-method status="PASS" signature="afterClass()[pri:0, instance:NGTest.Execute1@457e2f02]" name="afterClass" is-config="true" duration-ms="1" started-at="2020-06-08T21:53:02Z" finished-at="2020-06-08T21:53:02Z">
          <reporter-output>
          </reporter-output>
        </test-method> <!-- afterClass -->
        <test-method status="PASS" signature="afterTest()[pri:0, instance:NGTest.Execute1@457e2f02]" name="afterTest" is-config="true" duration-ms="1" started-at="2020-06-08T21:53:02Z" finished-at="2020-06-08T21:53:02Z">
          <reporter-output>
          </reporter-output>
        </test-method> <!-- afterTest -->
        <test-method status="PASS" signature="afterSuite()[pri:0, instance:NGTest.Execute1@457e2f02]" name="afterSuite" is-config="true" duration-ms="0" started-at="2020-06-08T21:53:02Z" finished-at="2020-06-08T21:53:02Z">
          <reporter-output>
          </reporter-output>
        </test-method> <!-- afterSuite -->
      </class> <!-- NGTest.Execute1 -->
    </test> <!-- Test -->
  </suite> <!-- Suite -->
</testng-results>
